[0m16:26:11.121892 [debug] [MainThread]: Sending event: {'category': 'dbt', 'action': 'invocation', 'label': 'start', 'context': [<snowplow_tracker.self_describing_json.SelfDescribingJson object at 0x00000192EFE3D280>, <snowplow_tracker.self_describing_json.SelfDescribingJson object at 0x00000192EF977500>, <snowplow_tracker.self_describing_json.SelfDescribingJson object at 0x00000192EF374B90>]}


============================== 16:26:11.169155 | ea48c80a-930e-4f1b-a083-c5feec1c1c04 ==============================
[0m16:26:11.169155 [info ] [MainThread]: Running with dbt=1.11.8
[0m16:26:11.169155 [debug] [MainThread]: running dbt with arguments {'version_check': 'True', 'no_print': 'None', 'static_parser': 'True', 'warn_error_options': 'WarnErrorOptionsV2(error=[], warn=[], silence=[])', 'target_path': 'None', 'printer_width': '80', 'write_json': 'True', 'introspect': 'True', 'log_cache_events': 'False', 'empty': 'None', 'cache_selected_only': 'False', 'log_format': 'default', 'debug': 'False', 'fail_fast': 'False', 'profiles_dir': 'C:\\Users\\user\\.dbt', 'send_anonymous_usage_stats': 'True', 'quiet': 'False', 'warn_error': 'None', 'partial_parse': 'True', 'indirect_selection': 'eager', 'use_colors': 'True', 'invocation_command': 'dbt init', 'use_experimental_parser': 'False', 'log_path': 'logs'}
[0m16:26:11.281942 [info ] [MainThread]: Creating dbt configuration folder at C:\Users\user\.dbt
[0m16:32:05.651985 [debug] [MainThread]: Starter project path: C:\Users\user\gcp_dbt_Snowflake\.venv\Lib\site-packages\dbt\include\starter_project
[0m16:32:05.711570 [info ] [MainThread]: 
Your new dbt project "gcp_dbt_snowflake_project" was created!

For more information on how to configure the profiles.yml file,
please consult the dbt documentation here:

  https://docs.getdbt.com/docs/configure-your-profile

One more thing:

Need help? Don't hesitate to reach out to us via GitHub issues or on Slack:

  https://community.getdbt.com/

Happy modeling!

[0m16:32:05.711570 [info ] [MainThread]: Setting up your profile.
[0m16:39:36.358118 [debug] [MainThread]: Snowflake adapter: Setting snowflake.connector to ERROR (file logging only)
[0m16:39:36.358118 [debug] [MainThread]: Snowflake adapter: Setting botocore to ERROR (file logging only)
[0m16:39:36.365878 [debug] [MainThread]: Snowflake adapter: Setting boto3 to ERROR (file logging only)
[0m16:45:41.351921 [info ] [MainThread]: Profile gcp_dbt_snowflake_project written to C:\Users\user\.dbt\profiles.yml using target's profile_template.yml and your supplied values. Run 'dbt debug' to validate the connection.
[0m16:45:41.354557 [debug] [MainThread]: Command `dbt init` succeeded at 16:45:41.351921 after 1170.48 seconds
[0m16:45:41.354557 [debug] [MainThread]: Sending event: {'category': 'dbt', 'action': 'invocation', 'label': 'end', 'context': [<snowplow_tracker.self_describing_json.SelfDescribingJson object at 0x00000192F3116F00>, <snowplow_tracker.self_describing_json.SelfDescribingJson object at 0x00000192F1C1DB80>, <snowplow_tracker.self_describing_json.SelfDescribingJson object at 0x00000192F345A0C0>]}
[0m16:45:41.354557 [debug] [MainThread]: Flushing usage events
[0m16:45:42.154177 [debug] [MainThread]: An error was encountered while trying to flush usage events
